<?xml version="1.0" encoding="UTF-8" standalone="no"?>
<!DOCTYPE report PUBLIC "-//JACOCO//DTD Report 1.1//EN" "report.dtd"[]>
<report name="Pester (08/19/2026 15:58:21)">
  <sessioninfo id="this" start="1787155100502" dump="1787155101322" />
  <package name="src/Classes">
    <class name="src/Classes/PSAnalysisSession" sourcefilename="Classes/PSAnalysisSession.ps1">
      <method name="PSAnalysisSession" desc="()" line="9">
        <counter type="INSTRUCTION" missed="0" covered="8" />
        <counter type="LINE" missed="0" covered="7" />
        <counter type="METHOD" missed="0" covered="1" />
      </method>
      <counter type="INSTRUCTION" missed="0" covered="8" />
      <counter type="LINE" missed="0" covered="7" />
      <counter type="METHOD" missed="0" covered="1" />
      <counter type="CLASS" missed="0" covered="1" />
    </class>
    <class name="src/Classes/PSModuleGraph" sourcefilename="Classes/PSModuleGraph.ps1">
      <method name="PSModuleGraph" desc="()" line="9">
        <counter type="INSTRUCTION" missed="0" covered="3" />
        <counter type="LINE" missed="0" covered="3" />
        <counter type="METHOD" missed="0" covered="1" />
      </method>
      <counter type="INSTRUCTION" missed="0" covered="3" />
      <counter type="LINE" missed="0" covered="3" />
      <counter type="METHOD" missed="0" covered="1" />
      <counter type="CLASS" missed="0" covered="1" />
    </class>
    <sourcefile name="Classes/PSAnalysisSession.ps1">
      <line nr="9" mi="0" ci="2" mb="0" cb="0" />
      <line nr="10" mi="0" ci="1" mb="0" cb="0" />
      <line nr="11" mi="0" ci="1" mb="0" cb="0" />
      <line nr="12" mi="0" ci="1" mb="0" cb="0" />
      <line nr="13" mi="0" ci="1" mb="0" cb="0" />
      <line nr="14" mi="0" ci="1" mb="0" cb="0" />
      <line nr="15" mi="0" ci="1" mb="0" cb="0" />
      <counter type="INSTRUCTION" missed="0" covered="8" />
      <counter type="LINE" missed="0" covered="7" />
      <counter type="METHOD" missed="0" covered="1" />
      <counter type="CLASS" missed="0" covered="1" />
    </sourcefile>
    <sourcefile name="Classes/PSModuleGraph.ps1">
      <line nr="9" mi="0" ci="1" mb="0" cb="0" />
      <line nr="10" mi="0" ci="1" mb="0" cb="0" />
      <line nr="11" mi="0" ci="1" mb="0" cb="0" />
      <counter type="INSTRUCTION" missed="0" covered="3" />
      <counter type="LINE" missed="0" covered="3" />
      <counter type="METHOD" missed="0" covered="1" />
      <counter type="CLASS" missed="0" covered="1" />
    </sourcefile>
    <counter type="INSTRUCTION" missed="0" covered="11" />
    <counter type="LINE" missed="0" covered="10" />
    <counter type="METHOD" missed="0" covered="2" />
    <counter type="CLASS" missed="0" covered="2" />
  </package>
  <package name="src/Declarations">
    <class name="src/Declarations/PSDrawIO.Declarations" sourcefilename="Declarations/PSDrawIO.Declarations.ps1">
      <method name="&lt;script&gt;" desc="()" line="1">
        <counter type="INSTRUCTION" missed="0" covered="38" />
        <counter type="LINE" missed="0" covered="10" />
        <counter type="METHOD" missed="0" covered="1" />
      </method>
      <counter type="INSTRUCTION" missed="0" covered="38" />
      <counter type="LINE" missed="0" covered="10" />
      <counter type="METHOD" missed="0" covered="1" />
      <counter type="CLASS" missed="0" covered="1" />
    </class>
    <sourcefile name="Declarations/PSDrawIO.Declarations.ps1">
      <line nr="1" mi="0" ci="1" mb="0" cb="0" />
      <line nr="2" mi="0" ci="7" mb="0" cb="0" />
      <line nr="3" mi="0" ci="7" mb="0" cb="0" />
      <line nr="4" mi="0" ci="7" mb="0" cb="0" />
      <line nr="5" mi="0" ci="7" mb="0" cb="0" />
      <line nr="6" mi="0" ci="2" mb="0" cb="0" />
      <line nr="7" mi="0" ci="2" mb="0" cb="0" />
      <line nr="8" mi="0" ci="2" mb="0" cb="0" />
      <line nr="9" mi="0" ci="2" mb="0" cb="0" />
      <line nr="11" mi="0" ci="1" mb="0" cb="0" />
      <counter type="INSTRUCTION" missed="0" covered="38" />
      <counter type="LINE" missed="0" covered="10" />
      <counter type="METHOD" missed="0" covered="1" />
      <counter type="CLASS" missed="0" covered="1" />
    </sourcefile>
    <counter type="INSTRUCTION" missed="0" covered="38" />
    <counter type="LINE" missed="0" covered="10" />
    <counter type="METHOD" missed="0" covered="1" />
    <counter type="CLASS" missed="0" covered="1" />
  </package>
  <package name="src/Private">
    <class name="src/Private/Get-PSDrawIOPSAstExtent" sourcefilename="Private/Get-PSDrawIOPSAstExtent.ps1">
      <method name="Get-PSDrawIOPSAstExtent" desc="()" line="5">
        <counter type="INSTRUCTION" missed="0" covered="5" />
        <counter type="LINE" missed="0" covered="1" />
        <counter type="METHOD" missed="0" covered="1" />
      </method>
      <counter type="INSTRUCTION" missed="0" covered="5" />
      <counter type="LINE" missed="0" covered="1" />
      <counter type="METHOD" missed="0" covered="1" />
      <counter type="CLASS" missed="0" covered="1" />
    </class>
    <class name="src/Private/Get-PSDrawIOPSSourceFile" sourcefilename="Private/Get-PSDrawIOPSSourceFile.ps1">
      <method name="Get-PSDrawIOPSSourceFile" desc="()" line="5">
        <counter type="INSTRUCTION" missed="0" covered="8" />
        <counter type="LINE" missed="0" covered="4" />
        <counter type="METHOD" missed="0" covered="1" />
      </method>
      <counter type="INSTRUCTION" missed="0" covered="8" />
      <counter type="LINE" missed="0" covered="4" />
      <counter type="METHOD" missed="0" covered="1" />
      <counter type="CLASS" missed="0" covered="1" />
    </class>
    <sourcefile name="Private/Get-PSDrawIOPSAstExtent.ps1">
      <line nr="5" mi="0" ci="5" mb="0" cb="0" />
      <counter type="INSTRUCTION" missed="0" covered="5" />
      <counter type="LINE" missed="0" covered="1" />
      <counter type="METHOD" missed="0" covered="1" />
      <counter type="CLASS" missed="0" covered="1" />
    </sourcefile>
    <sourcefile name="Private/Get-PSDrawIOPSSourceFile.ps1">
      <line nr="5" mi="0" ci="1" mb="0" cb="0" />
      <line nr="6" mi="0" ci="2" mb="0" cb="0" />
      <line nr="7" mi="0" ci="3" mb="0" cb="0" />
      <line nr="9" mi="0" ci="2" mb="0" cb="0" />
      <counter type="INSTRUCTION" missed="0" covered="8" />
      <counter type="LINE" missed="0" covered="4" />
      <counter type="METHOD" missed="0" covered="1" />
      <counter type="CLASS" missed="0" covered="1" />
    </sourcefile>
    <counter type="INSTRUCTION" missed="0" covered="13" />
    <counter type="LINE" missed="0" covered="5" />
    <counter type="METHOD" missed="0" covered="2" />
    <counter type="CLASS" missed="0" covered="2" />
  </package>
  <package name="src/Public">
    <class name="src/Public/Build-PSDrawIOPSGraph" sourcefilename="Public/Build-PSDrawIOPSGraph.ps1">
      <method name="Build-PSDrawIOPSGraph" desc="()" line="13">
        <counter type="INSTRUCTION" missed="0" covered="89" />
        <counter type="LINE" missed="0" covered="22" />
        <counter type="METHOD" missed="0" covered="1" />
      </method>
      <counter type="INSTRUCTION" missed="0" covered="89" />
      <counter type="LINE" missed="0" covered="22" />
      <counter type="METHOD" missed="0" covered="1" />
      <counter type="CLASS" missed="0" covered="1" />
    </class>
    <class name="src/Public/Get-PSDrawIOPSClass" sourcefilename="Public/Get-PSDrawIOPSClass.ps1">
      <method name="Get-PSDrawIOPSClass" desc="()" line="13">
        <counter type="INSTRUCTION" missed="0" covered="36" />
        <counter type="LINE" missed="0" covered="7" />
        <counter type="METHOD" missed="0" covered="1" />
      </method>
      <counter type="INSTRUCTION" missed="0" covered="36" />
      <counter type="LINE" missed="0" covered="7" />
      <counter type="METHOD" missed="0" covered="1" />
      <counter type="CLASS" missed="0" covered="1" />
    </class>
    <class name="src/Public/Get-PSDrawIOPSDependency" sourcefilename="Public/Get-PSDrawIOPSDependency.ps1">
      <method name="Get-PSDrawIOPSDependency" desc="()" line="13">
        <counter type="INSTRUCTION" missed="9" covered="61" />
        <counter type="LINE" missed="0" covered="21" />
        <counter type="METHOD" missed="0" covered="1" />
      </method>
      <counter type="INSTRUCTION" missed="9" covered="61" />
      <counter type="LINE" missed="0" covered="21" />
      <counter type="METHOD" missed="0" covered="1" />
      <counter type="CLASS" missed="0" covered="1" />
    </class>
    <class name="src/Public/Get-PSDrawIOPSEnum" sourcefilename="Public/Get-PSDrawIOPSEnum.ps1">
      <method name="Get-PSDrawIOPSEnum" desc="()" line="13">
        <counter type="INSTRUCTION" missed="0" covered="17" />
        <counter type="LINE" missed="0" covered="3" />
        <counter type="METHOD" missed="0" covered="1" />
      </method>
      <counter type="INSTRUCTION" missed="0" covered="17" />
      <counter type="LINE" missed="0" covered="3" />
      <counter type="METHOD" missed="0" covered="1" />
      <counter type="CLASS" missed="0" covered="1" />
    </class>
    <class name="src/Public/Get-PSDrawIOPSFunction" sourcefilename="Public/Get-PSDrawIOPSFunction.ps1">
      <method name="Get-PSDrawIOPSFunction" desc="()" line="13">
        <counter type="INSTRUCTION" missed="3" covered="73" />
        <counter type="LINE" missed="0" covered="38" />
        <counter type="METHOD" missed="0" covered="1" />
      </method>
      <counter type="INSTRUCTION" missed="3" covered="73" />
      <counter type="LINE" missed="0" covered="38" />
      <counter type="METHOD" missed="0" covered="1" />
      <counter type="CLASS" missed="0" covered="1" />
    </class>
    <class name="src/Public/New-PSDrawIOPSAnalysis" sourcefilename="Public/New-PSDrawIOPSAnalysis.ps1">
      <method name="New-PSDrawIOPSAnalysis" desc="()" line="13">
        <counter type="INSTRUCTION" missed="10" covered="29" />
        <counter type="LINE" missed="2" covered="18" />
        <counter type="METHOD" missed="0" covered="1" />
      </method>
      <counter type="INSTRUCTION" missed="10" covered="29" />
      <counter type="LINE" missed="2" covered="18" />
      <counter type="METHOD" missed="0" covered="1" />
      <counter type="CLASS" missed="0" covered="1" />
    </class>
    <sourcefile name="Public/Build-PSDrawIOPSGraph.ps1">
      <line nr="13" mi="0" ci="1" mb="0" cb="0" />
      <line nr="14" mi="0" ci="1" mb="0" cb="0" />
      <line nr="15" mi="0" ci="1" mb="0" cb="0" />
      <line nr="16" mi="0" ci="2" mb="0" cb="0" />
      <line nr="17" mi="0" ci="4" mb="0" cb="0" />
      <line nr="18" mi="0" ci="10" mb="0" cb="0" />
      <line nr="19" mi="0" ci="9" mb="0" cb="0" />
      <line nr="20" mi="0" ci="9" mb="0" cb="0" />
      <line nr="21" mi="0" ci="1" mb="0" cb="0" />
      <line nr="22" mi="0" ci="1" mb="0" cb="0" />
      <line nr="23" mi="0" ci="3" mb="0" cb="0" />
      <line nr="24" mi="0" ci="7" mb="0" cb="0" />
      <line nr="27" mi="0" ci="1" mb="0" cb="0" />
      <line nr="28" mi="0" ci="1" mb="0" cb="0" />
      <line nr="30" mi="0" ci="6" mb="0" cb="0" />
      <line nr="31" mi="0" ci="1" mb="0" cb="0" />
      <line nr="32" mi="0" ci="11" mb="0" cb="0" />
      <line nr="33" mi="0" ci="3" mb="0" cb="0" />
      <line nr="34" mi="0" ci="7" mb="0" cb="0" />
      <line nr="35" mi="0" ci="3" mb="0" cb="0" />
      <line nr="36" mi="0" ci="6" mb="0" cb="0" />
      <line nr="39" mi="0" ci="1" mb="0" cb="0" />
      <counter type="INSTRUCTION" missed="0" covered="89" />
      <counter type="LINE" missed="0" covered="22" />
      <counter type="METHOD" missed="0" covered="1" />
      <counter type="CLASS" missed="0" covered="1" />
    </sourcefile>
    <sourcefile name="Public/Get-PSDrawIOPSClass.ps1">
      <line nr="13" mi="0" ci="1" mb="0" cb="0" />
      <line nr="14" mi="0" ci="2" mb="0" cb="0" />
      <line nr="15" mi="0" ci="4" mb="0" cb="0" />
      <line nr="16" mi="0" ci="5" mb="0" cb="0" />
      <line nr="18" mi="0" ci="4" mb="0" cb="0" />
      <line nr="19" mi="0" ci="8" mb="0" cb="0" />
      <line nr="21" mi="0" ci="12" mb="0" cb="0" />
      <counter type="INSTRUCTION" missed="0" covered="36" />
      <counter type="LINE" missed="0" covered="7" />
      <counter type="METHOD" missed="0" covered="1" />
      <counter type="CLASS" missed="0" covered="1" />
    </sourcefile>
    <sourcefile name="Public/Get-PSDrawIOPSDependency.ps1">
      <line nr="13" mi="0" ci="2" mb="0" cb="0" />
      <line nr="14" mi="0" ci="2" mb="0" cb="0" />
      <line nr="15" mi="0" ci="5" mb="0" cb="0" />
      <line nr="16" mi="0" ci="1" mb="0" cb="0" />
      <line nr="17" mi="0" ci="2" mb="0" cb="0" />
      <line nr="18" mi="0" ci="1" mb="0" cb="0" />
      <line nr="19" mi="0" ci="1" mb="0" cb="0" />
      <line nr="20" mi="0" ci="1" mb="0" cb="0" />
      <line nr="21" mi="1" ci="2" mb="0" cb="0" />
      <line nr="22" mi="1" ci="2" mb="0" cb="0" />
      <line nr="23" mi="0" ci="4" mb="0" cb="0" />
      <line nr="24" mi="0" ci="9" mb="0" cb="0" />
      <line nr="27" mi="0" ci="3" mb="0" cb="0" />
      <line nr="28" mi="0" ci="3" mb="0" cb="0" />
      <line nr="29" mi="5" ci="1" mb="0" cb="0" />
      <line nr="30" mi="1" ci="4" mb="0" cb="0" />
      <line nr="31" mi="0" ci="1" mb="0" cb="0" />
      <line nr="32" mi="0" ci="1" mb="0" cb="0" />
      <line nr="33" mi="0" ci="2" mb="0" cb="0" />
      <line nr="34" mi="1" ci="6" mb="0" cb="0" />
      <line nr="36" mi="0" ci="8" mb="0" cb="0" />
      <counter type="INSTRUCTION" missed="9" covered="61" />
      <counter type="LINE" missed="0" covered="21" />
      <counter type="METHOD" missed="0" covered="1" />
      <counter type="CLASS" missed="0" covered="1" />
    </sourcefile>
    <sourcefile name="Public/Get-PSDrawIOPSEnum.ps1">
      <line nr="13" mi="0" ci="1" mb="0" cb="0" />
      <line nr="14" mi="0" ci="2" mb="0" cb="0" />
      <line nr="15" mi="0" ci="14" mb="0" cb="0" />
      <counter type="INSTRUCTION" missed="0" covered="17" />
      <counter type="LINE" missed="0" covered="3" />
      <counter type="METHOD" missed="0" covered="1" />
      <counter type="CLASS" missed="0" covered="1" />
    </sourcefile>
    <sourcefile name="Public/Get-PSDrawIOPSFunction.ps1">
      <line nr="13" mi="0" ci="1" mb="0" cb="0" />
      <line nr="14" mi="0" ci="2" mb="0" cb="0" />
      <line nr="15" mi="0" ci="1" mb="0" cb="0" />
      <line nr="16" mi="0" ci="1" mb="0" cb="0" />
      <line nr="17" mi="0" ci="1" mb="0" cb="0" />
      <line nr="18" mi="0" ci="1" mb="0" cb="0" />
      <line nr="19" mi="0" ci="1" mb="0" cb="0" />
      <line nr="22" mi="0" ci="1" mb="0" cb="0" />
      <line nr="24" mi="0" ci="1" mb="0" cb="0" />
      <line nr="26" mi="0" ci="1" mb="0" cb="0" />
      <line nr="27" mi="0" ci="4" mb="0" cb="0" />
      <line nr="28" mi="0" ci="1" mb="0" cb="0" />
      <line nr="29" mi="0" ci="1" mb="0" cb="0" />
      <line nr="30" mi="2" ci="1" mb="0" cb="0" />
      <line nr="31" mi="1" ci="3" mb="0" cb="0" />
      <line nr="33" mi="0" ci="2" mb="0" cb="0" />
      <line nr="34" mi="0" ci="4" mb="0" cb="0" />
      <line nr="35" mi="0" ci="2" mb="0" cb="0" />
      <line nr="36" mi="0" ci="1" mb="0" cb="0" />
      <line nr="37" mi="0" ci="1" mb="0" cb="0" />
      <line nr="38" mi="0" ci="3" mb="0" cb="0" />
      <line nr="39" mi="0" ci="3" mb="0" cb="0" />
      <line nr="40" mi="0" ci="5" mb="0" cb="0" />
      <line nr="41" mi="0" ci="3" mb="0" cb="0" />
      <line nr="44" mi="0" ci="1" mb="0" cb="0" />
      <line nr="45" mi="0" ci="8" mb="0" cb="0" />
      <line nr="46" mi="0" ci="1" mb="0" cb="0" />
      <line nr="47" mi="0" ci="1" mb="0" cb="0" />
      <line nr="48" mi="0" ci="3" mb="0" cb="0" />
      <line nr="49" mi="0" ci="1" mb="0" cb="0" />
      <line nr="50" mi="0" ci="1" mb="0" cb="0" />
      <line nr="51" mi="0" ci="2" mb="0" cb="0" />
      <line nr="52" mi="0" ci="4" mb="0" cb="0" />
      <line nr="53" mi="0" ci="2" mb="0" cb="0" />
      <line nr="54" mi="0" ci="1" mb="0" cb="0" />
      <line nr="55" mi="0" ci="1" mb="0" cb="0" />
      <line nr="56" mi="0" ci="1" mb="0" cb="0" />
      <line nr="57" mi="0" ci="1" mb="0" cb="0" />
      <counter type="INSTRUCTION" missed="3" covered="73" />
      <counter type="LINE" missed="0" covered="38" />
      <counter type="METHOD" missed="0" covered="1" />
      <counter type="CLASS" missed="0" covered="1" />
    </sourcefile>
    <sourcefile name="Public/New-PSDrawIOPSAnalysis.ps1">
      <line nr="13" mi="0" ci="1" mb="0" cb="0" />
      <line nr="14" mi="0" ci="1" mb="0" cb="0" />
      <line nr="15" mi="0" ci="1" mb="0" cb="0" />
      <line nr="16" mi="0" ci="1" mb="0" cb="0" />
      <line nr="17" mi="0" ci="1" mb="0" cb="0" />
      <line nr="18" mi="0" ci="1" mb="0" cb="0" />
      <line nr="19" mi="0" ci="1" mb="0" cb="0" />
      <line nr="20" mi="4" ci="0" mb="0" cb="0" />
      <line nr="23" mi="0" ci="1" mb="0" cb="0" />
      <line nr="24" mi="0" ci="2" mb="0" cb="0" />
      <line nr="25" mi="0" ci="5" mb="0" cb="0" />
      <line nr="27" mi="0" ci="2" mb="0" cb="0" />
      <line nr="28" mi="1" ci="2" mb="0" cb="0" />
      <line nr="29" mi="0" ci="1" mb="0" cb="0" />
      <line nr="30" mi="0" ci="1" mb="0" cb="0" />
      <line nr="31" mi="1" ci="2" mb="0" cb="0" />
      <line nr="32" mi="0" ci="4" mb="0" cb="0" />
      <line nr="33" mi="0" ci="1" mb="0" cb="0" />
      <line nr="34" mi="4" ci="0" mb="0" cb="0" />
      <line nr="38" mi="0" ci="1" mb="0" cb="0" />
      <counter type="INSTRUCTION" missed="10" covered="29" />
      <counter type="LINE" missed="2" covered="18" />
      <counter type="METHOD" missed="0" covered="1" />
      <counter type="CLASS" missed="0" covered="1" />
    </sourcefile>
    <counter type="INSTRUCTION" missed="22" covered="305" />
    <counter type="LINE" missed="2" covered="109" />
    <counter type="METHOD" missed="0" covered="6" />
    <counter type="CLASS" missed="0" covered="6" />
  </package>
  <counter type="INSTRUCTION" missed="22" covered="367" />
  <counter type="LINE" missed="2" covered="134" />
  <counter type="METHOD" missed="0" covered="11" />
  <counter type="CLASS" missed="0" covered="11" />
</report>
